[colorlib.com/preview/theme/homespace/index.html]
[backblue.gif]
[fade.gif]
[index.html]
[colorlib.com/preview/theme/homespace/css/bootstrap.min.css]
[colorlib.com/preview/theme/homespace/css/magnific-popup.css]
[colorlib.com/preview/theme/homespace/css/jquery-ui.css]
[colorlib.com/preview/theme/homespace/css/owl.carousel.min.css]
[colorlib.com/preview/theme/homespace/css/owl.theme.default.min.css]
[colorlib.com/preview/theme/homespace/css/bootstrap-datepicker.css]
[colorlib.com/preview/theme/homespace/css/mediaelementplayer.css]
[colorlib.com/preview/theme/homespace/fonts/icomoon/style.css]
[colorlib.com/preview/theme/homespace/css/animate.css]
[colorlib.com/preview/theme/homespace/fonts/flaticon/font/flaticon.css]
[colorlib.com/preview/theme/homespace/css/fl-bigmug-line.css]
[colorlib.com/preview/theme/homespace/css/aos.css]
[colorlib.com/preview/theme/homespace/css/style.css]
[colorlib.com/preview/theme/homespace/index-2.html]
[colorlib.com/preview/theme/homespace/properties.html]
[colorlib.com/preview/theme/homespace/blog.html]
[colorlib.com/preview/theme/homespace/about.html]
[colorlib.com/preview/theme/homespace/contact.html]
[colorlib.com/preview/theme/homespace/images/hero_bg_1.jpg]
[colorlib.com/preview/theme/homespace/images/hero_bg_3.jpg]
[colorlib.com/preview/theme/homespace/property-details.html]
[colorlib.com/preview/theme/homespace/images/img_1.jpg]
[colorlib.com/preview/theme/homespace/images/img_2.jpg]
[colorlib.com/preview/theme/homespace/images/img_3.jpg]
[colorlib.com/preview/theme/homespace/images/img_4.jpg]
[colorlib.com/preview/theme/homespace/images/img_5.jpg]
[colorlib.com/preview/theme/homespace/images/img_6.jpg]
[colorlib.com/preview/theme/homespace/images/person_1.jpg]
[colorlib.com/preview/theme/homespace/images/person_2.jpg]
[colorlib.com/preview/theme/homespace/images/person_3.jpg]
[colorlib.com/cdn-cgi/scripts/5c5dd728/cloudflare-static/email-decode.min.js]
[colorlib.com/preview/theme/homespace/js/jquery-migrate-3.0.1.min.js]
[colorlib.com/preview/theme/homespace/js/jquery-3.3.1.min.js]
[colorlib.com/preview/theme/homespace/js/jquery-ui.js]
[colorlib.com/preview/theme/homespace/js/popper.min.js]
[colorlib.com/preview/theme/homespace/js/owl.carousel.min.js]
[colorlib.com/preview/theme/homespace/js/jquery.stellar.min.js]
[colorlib.com/preview/theme/homespace/js/mediaelement-and-player.min.js]
[colorlib.com/preview/theme/homespace/js/jquery.countdown.min.js]
[colorlib.com/preview/theme/homespace/js/jquery.magnific-popup.min.js]
[colorlib.com/preview/theme/homespace/js/bootstrap-datepicker.min.js]
[colorlib.com/preview/theme/homespace/js/aos.js]
[colorlib.com/preview/theme/homespace/js/main.js]
[colorlib.com/preview/theme/homespace/js/bootstrap.min.js]
[colorlib.com/preview/theme/homespace/index.html]
[ajax.cloudflare.com/cdn-cgi/scripts/a2bd7673/cloudflare-static/rocket-loader.min.js]
[colorlib.com/preview/theme/homespace/fonts/icomoon/fonts/icomoon1a44.eot]
[colorlib.com/preview/theme/homespace/fonts/icomoon/fonts/icomoon1a44.ttf]
[colorlib.com/preview/theme/homespace/fonts/icomoon/style.css]
[colorlib.com/preview/theme/homespace/css/bootstrap.min.css]
[colorlib.com/preview/theme/homespace/css/magnific-popup.css]
[colorlib.com/preview/theme/homespace/css/images/ui-bg_gloss-wave_55_5c9ccc_500x100.png]
[colorlib.com/preview/theme/homespace/css/images/ui-bg_glass_85_dfeffc_1x400.png]
[colorlib.com/preview/theme/homespace/css/images/ui-bg_glass_75_d0e5f5_1x400.png]
[colorlib.com/preview/theme/homespace/css/images/ui-bg_inset-hard_100_f5f8f9_1x100.png]
[colorlib.com/preview/theme/homespace/fonts/icomoon/fonts/icomoon1a44.woff]
[colorlib.com/preview/theme/homespace/css/images/ui-bg_glass_95_fef1ec_1x400.png]
[colorlib.com/preview/theme/homespace/css/images/ui-icons_469bdd_256x240.png]
[colorlib.com/preview/theme/homespace/css/images/ui-icons_d8e7f3_256x240.png]
[colorlib.com/preview/theme/homespace/fonts/icomoon/fonts/icomoon1a44.svg]
[colorlib.com/preview/theme/homespace/css/images/ui-icons_6da8d5_256x240.png]
[colorlib.com/preview/theme/homespace/css/images/ui-icons_217bc0_256x240.png]
[colorlib.com/preview/theme/homespace/css/images/ui-icons_f9bd01_256x240.png]
[colorlib.com/preview/theme/homespace/css/images/ui-icons_2e83ff_256x240.png]
[colorlib.com/preview/theme/homespace/css/images/ui-icons_cd0a0a_256x240.png]
[colorlib.com/preview/theme/homespace/css/jquery-ui.css]
[colorlib.com/preview/theme/homespace/css/owl.video.play.png]
[colorlib.com/preview/theme/homespace/css/owl.carousel.min.css]
[colorlib.com/preview/theme/homespace/css/owl.theme.default.min.css]
[colorlib.com/preview/theme/homespace/css/bootstrap-datepicker.css]
[colorlib.com/preview/theme/homespace/css/mejs-controls.svg]
[colorlib.com/preview/theme/homespace/css/mediaelementplayer.css]
[colorlib.com/preview/theme/homespace/css/animate.css]
[colorlib.com/preview/theme/homespace/fonts/flaticon/font/Flaticon.eot]
[colorlib.com/preview/theme/homespace/fonts/flaticon/font/Flaticond41d.eot]
[colorlib.com/preview/theme/homespace/fonts/flaticon/font/Flaticon.woff]
[colorlib.com/preview/theme/homespace/fonts/flaticon/font/Flaticon.ttf]
[colorlib.com/preview/theme/homespace/fonts/flaticon/font/flaticon.css]
[colorlib.com/preview/theme/homespace/fonts/flaticon/font/Flaticon.svg]
[colorlib.com/preview/theme/homespace/fonts/bigmug-line/fl-bigmug-line.eot]
[colorlib.com/preview/theme/homespace/fonts/bigmug-line/fl-bigmug-line.woff]
[colorlib.com/preview/theme/homespace/fonts/bigmug-line/fl-bigmug-line.ttf]
[colorlib.com/preview/theme/homespace/css/fl-bigmug-line.css]
[colorlib.com/preview/theme/homespace/css/aos.css]
[colorlib.com/preview/theme/homespace/images/loader.gif]
[colorlib.com/preview/theme/homespace/css/style.css]
[colorlib.com/preview/theme/homespace/index-2.html]
[colorlib.com/preview/theme/homespace/properties.html]
[colorlib.com/preview/theme/homespace/images/hero_bg_2.jpg]
[colorlib.com/preview/theme/homespace/blog.html]
[colorlib.com/preview/theme/homespace/images/about.jpg]
[colorlib.com/preview/theme/homespace/fonts/bigmug-line/fl-bigmug-line.svg]
[colorlib.com/preview/theme/homespace/images/hero_bg_4.jpg]
[colorlib.com/preview/theme/homespace/about.html]
[colorlib.com/preview/theme/homespace/contact.html]
[colorlib.com/preview/theme/homespace/images/img_7.jpg]
[colorlib.com/preview/theme/homespace/images/img_8.jpg]
[colorlib.com/preview/theme/homespace/property-details.html]
[colorlib.com/preview/theme/homespace/fonts/icomoon/fonts/icomoon1a44.svg]
[colorlib.com/preview/theme/homespace/css/images/ui-bg_gloss-wave_55_5c9ccc_500x100.html]
[colorlib.com/preview/theme/homespace/css/images/ui-bg_glass_85_dfeffc_1x400.html]
[colorlib.com/preview/theme/homespace/css/images/ui-bg_glass_75_d0e5f5_1x400.html]
[colorlib.com/preview/theme/homespace/css/images/ui-bg_inset-hard_100_f5f8f9_1x100.html]
[colorlib.com/preview/theme/homespace/css/images/ui-bg_glass_95_fef1ec_1x400.html]
[colorlib.com/preview/theme/homespace/css/images/ui-icons_469bdd_256x240.html]
[colorlib.com/preview/theme/homespace/css/images/ui-icons_d8e7f3_256x240.html]
[colorlib.com/preview/theme/homespace/css/images/ui-icons_6da8d5_256x240.html]
[colorlib.com/preview/theme/homespace/css/images/ui-icons_217bc0_256x240.html]
[colorlib.com/preview/theme/homespace/css/images/ui-icons_f9bd01_256x240.html]
[colorlib.com/preview/theme/homespace/css/images/ui-icons_2e83ff_256x240.html]
[colorlib.com/preview/theme/homespace/css/images/ui-icons_cd0a0a_256x240.html]
[colorlib.com/preview/theme/homespace/css/owl.video.play.html]
[colorlib.com/preview/theme/homespace/css/mejs-controls.html]
[colorlib.com/preview/theme/homespace/fonts/flaticon/font/Flaticon.svg]
[colorlib.com/preview/theme/homespace/fonts/bigmug-line/fl-bigmug-line.svg]
